This file contains any messages produced by compilers while
running configure, to aid debugging if configure makes a mistake.

It was created by unimrcp configure 1.5.0, which was
generated by GNU Autoconf 2.69.  Invocation command line was

  $ ./configure 

## --------- ##
## Platform. ##
## --------- ##

hostname = bogon
uname -m = x86_64
uname -r = 3.10.0-693.21.1.el7.x86_64
uname -s = Linux
uname -v = #1 SMP Wed Mar 7 19:03:37 UTC 2018

/usr/bin/uname -p = x86_64
/bin/uname -X     = unknown

/bin/arch              = x86_64
/usr/bin/arch -k       = unknown
/usr/convex/getsysinfo = unknown
/usr/bin/hostinfo      = unknown
/bin/machine           = unknown
/usr/bin/oslevel       = unknown
/bin/universe          = unknown

PATH: /sbin
PATH: /bin
PATH: /usr/sbin
PATH: /usr/bin


## ----------- ##
## Core tests. ##
## ----------- ##

configure:4056: checking for chosen layout
configure:4058: result: classic
configure:4266: checking for a BSD-compatible install
configure:4334: result: /bin/install -c
configure:4345: checking whether build environment is sane
configure:4400: result: yes
configure:4438: WARNING: 'missing' script is too old or missing
configure:4551: checking for a thread-safe mkdir -p
configure:4590: result: /bin/mkdir -p
configure:4597: checking for gawk
configure:4613: found /bin/gawk
configure:4624: result: gawk
configure:4635: checking whether make sets $(MAKE)
configure:4657: result: yes
configure:4686: checking whether make supports nested variables
configure:4703: result: yes
configure:4790: checking whether make supports nested variables
configure:4807: result: yes
configure:4874: checking for gcc
configure:4890: found /bin/gcc
configure:4901: result: gcc
configure:5130: checking for C compiler version
configure:5139: gcc --version >&5
gcc (GCC) 4.8.5 20150623 (Red Hat 4.8.5-16)
Copyright (C) 2015 Free Software Foundation, Inc.
This is free software; see the source for copying conditions.  There is NO
warranty; not even for MERCHANTABILITY or FITNESS FOR A PARTICULAR PURPOSE.

configure:5150: $? = 0
configure:5139: gcc -v >&5
Using built-in specs.
COLLECT_GCC=gcc
COLLECT_LTO_WRAPPER=/usr/libexec/gcc/x86_64-redhat-linux/4.8.5/lto-wrapper
Target: x86_64-redhat-linux
Configured with: ../configure --prefix=/usr --mandir=/usr/share/man --infodir=/usr/share/info --with-bugurl=http://bugzilla.redhat.com/bugzilla --enable-bootstrap --enable-shared --enable-threads=posix --enable-checking=release --with-system-zlib --enable-__cxa_atexit --disable-libunwind-exceptions --enable-gnu-unique-object --enable-linker-build-id --with-linker-hash-style=gnu --enable-languages=c,c++,objc,obj-c++,java,fortran,ada,go,lto --enable-plugin --enable-initfini-array --disable-libgcj --with-isl=/builddir/build/BUILD/gcc-4.8.5-20150702/obj-x86_64-redhat-linux/isl-install --with-cloog=/builddir/build/BUILD/gcc-4.8.5-20150702/obj-x86_64-redhat-linux/cloog-install --enable-gnu-indirect-function --with-tune=generic --with-arch_32=x86-64 --build=x86_64-redhat-linux
Thread model: posix
gcc version 4.8.5 20150623 (Red Hat 4.8.5-16) (GCC) 
configure:5150: $? = 0
configure:5139: gcc -V >&5
gcc: error: unrecognized command line option '-V'
gcc: fatal error: no input files
compilation terminated.
configure:5150: $? = 4
configure:5139: gcc -qversion >&5
gcc: error: unrecognized command line option '-qversion'
gcc: fatal error: no input files
compilation terminated.
configure:5150: $? = 4
configure:5170: checking whether the C compiler works
configure:5192: gcc    conftest.c  >&5
configure:5196: $? = 0
configure:5244: result: yes
configure:5247: checking for C compiler default output file name
configure:5249: result: a.out
configure:5255: checking for suffix of executables
configure:5262: gcc -o conftest    conftest.c  >&5
configure:5266: $? = 0
configure:5288: result: 
configure:5310: checking whether we are cross compiling
configure:5318: gcc -o conftest    conftest.c  >&5
configure:5322: $? = 0
configure:5329: ./conftest
configure:5333: $? = 0
configure:5348: result: no
configure:5353: checking for suffix of object files
configure:5375: gcc -c   conftest.c >&5
configure:5379: $? = 0
configure:5400: result: o
configure:5404: checking whether we are using the GNU C compiler
configure:5423: gcc -c   conftest.c >&5
configure:5423: $? = 0
configure:5432: result: yes
configure:5441: checking whether gcc accepts -g
configure:5461: gcc -c -g  conftest.c >&5
configure:5461: $? = 0
configure:5502: result: yes
configure:5519: checking for gcc option to accept ISO C89
configure:5582: gcc  -c -g -O2  conftest.c >&5
configure:5582: $? = 0
configure:5595: result: none needed
configure:5626: checking for style of include used by make
configure:5654: result: GNU
configure:5680: checking dependency style of gcc
configure:5791: result: gcc3
configure:5864: checking for g++
configure:5880: found /bin/g++
configure:5891: result: g++
configure:5918: checking for C++ compiler version
configure:5927: g++ --version >&5
g++ (GCC) 4.8.5 20150623 (Red Hat 4.8.5-16)
Copyright (C) 2015 Free Software Foundation, Inc.
This is free software; see the source for copying conditions.  There is NO
warranty; not even for MERCHANTABILITY or FITNESS FOR A PARTICULAR PURPOSE.

configure:5938: $? = 0
configure:5927: g++ -v >&5
Using built-in specs.
COLLECT_GCC=g++
COLLECT_LTO_WRAPPER=/usr/libexec/gcc/x86_64-redhat-linux/4.8.5/lto-wrapper
Target: x86_64-redhat-linux
Configured with: ../configure --prefix=/usr --mandir=/usr/share/man --infodir=/usr/share/info --with-bugurl=http://bugzilla.redhat.com/bugzilla --enable-bootstrap --enable-shared --enable-threads=posix --enable-checking=release --with-system-zlib --enable-__cxa_atexit --disable-libunwind-exceptions --enable-gnu-unique-object --enable-linker-build-id --with-linker-hash-style=gnu --enable-languages=c,c++,objc,obj-c++,java,fortran,ada,go,lto --enable-plugin --enable-initfini-array --disable-libgcj --with-isl=/builddir/build/BUILD/gcc-4.8.5-20150702/obj-x86_64-redhat-linux/isl-install --with-cloog=/builddir/build/BUILD/gcc-4.8.5-20150702/obj-x86_64-redhat-linux/cloog-install --enable-gnu-indirect-function --with-tune=generic --with-arch_32=x86-64 --build=x86_64-redhat-linux
Thread model: posix
gcc version 4.8.5 20150623 (Red Hat 4.8.5-16) (GCC) 
configure:5938: $? = 0
configure:5927: g++ -V >&5
g++: error: unrecognized command line option '-V'
g++: fatal error: no input files
compilation terminated.
configure:5938: $? = 4
configure:5927: g++ -qversion >&5
g++: error: unrecognized command line option '-qversion'
g++: fatal error: no input files
compilation terminated.
configure:5938: $? = 4
configure:5942: checking whether we are using the GNU C++ compiler
configure:5961: g++ -c   conftest.cpp >&5
configure:5961: $? = 0
configure:5970: result: yes
configure:5979: checking whether g++ accepts -g
configure:5999: g++ -c -g  conftest.cpp >&5
configure:5999: $? = 0
configure:6040: result: yes
configure:6065: checking dependency style of g++
configure:6176: result: gcc3
configure:6192: checking whether gcc and cc understand -c and -o together
configure:6223: gcc -c conftest.c -o conftest2.o >&5
configure:6227: $? = 0
configure:6233: gcc -c conftest.c -o conftest2.o >&5
configure:6237: $? = 0
configure:6248: cc -c conftest.c >&5
configure:6252: $? = 0
configure:6260: cc -c conftest.c -o conftest2.o >&5
configure:6264: $? = 0
configure:6270: cc -c conftest.c -o conftest2.o >&5
configure:6274: $? = 0
configure:6292: result: yes
configure:6350: checking build system type
configure:6364: result: x86_64-unknown-linux-gnu
configure:6384: checking host system type
configure:6397: result: x86_64-unknown-linux-gnu
configure:6438: checking how to print strings
configure:6465: result: printf
configure:6486: checking for a sed that does not truncate output
configure:6550: result: /bin/sed
configure:6568: checking for grep that handles long lines and -e
configure:6626: result: /bin/grep
configure:6631: checking for egrep
configure:6693: result: /bin/grep -E
configure:6698: checking for fgrep
configure:6760: result: /bin/grep -F
configure:6795: checking for ld used by gcc
configure:6862: result: /bin/ld
configure:6869: checking if the linker (/bin/ld) is GNU ld
configure:6884: result: yes
configure:6896: checking for BSD- or MS-compatible name lister (nm)
configure:6945: result: /bin/nm -B
configure:7075: checking the name lister (/bin/nm -B) interface
configure:7082: gcc -c -g -O2  conftest.c >&5
configure:7085: /bin/nm -B "conftest.o"
configure:7088: output
0000000000000000 B some_variable
configure:7095: result: BSD nm
configure:7098: checking whether ln -s works
configure:7105: result: no, using cp -pR
configure:7110: checking the maximum length of command line arguments
configure:7240: result: 1572864
configure:7257: checking whether the shell understands some XSI constructs
configure:7267: result: yes
configure:7271: checking whether the shell understands "+="
configure:7277: result: yes
configure:7312: checking how to convert x86_64-unknown-linux-gnu file names to x86_64-unknown-linux-gnu format
configure:7352: result: func_convert_file_noop
configure:7359: checking how to convert x86_64-unknown-linux-gnu file names to toolchain format
configure:7379: result: func_convert_file_noop
configure:7386: checking for /bin/ld option to reload object files
configure:7393: result: -r
configure:7467: checking for objdump
configure:7483: found /bin/objdump
configure:7494: result: objdump
configure:7526: checking how to recognize dependent libraries
configure:7728: result: pass_all
configure:7813: checking for dlltool
configure:7843: result: no
configure:7873: checking how to associate runtime and link libraries
configure:7900: result: printf %s\n
configure:7961: checking for ar
configure:7977: found /bin/ar
configure:7988: result: ar
configure:8025: checking for archiver @FILE support
configure:8042: gcc -c -g -O2  conftest.c >&5
configure:8042: $? = 0
configure:8045: ar cru libconftest.a @conftest.lst >&5
configure:8048: $? = 0
configure:8053: ar cru libconftest.a @conftest.lst >&5
ar: conftest.o: No such file or directory
configure:8056: $? = 1
configure:8068: result: @
configure:8126: checking for strip
configure:8142: found /bin/strip
configure:8153: result: strip
configure:8225: checking for ranlib
configure:8241: found /bin/ranlib
configure:8252: result: ranlib
configure:8354: checking command to parse /bin/nm -B output from gcc object
configure:8474: gcc -c -g -O2  conftest.c >&5
configure:8477: $? = 0
configure:8481: /bin/nm -B conftest.o \| sed -n -e 's/^.*[ ]\([ABCDGIRSTW][ABCDGIRSTW]*\)[ ][ ]*\([_A-Za-z][_A-Za-z0-9]*\)$/\1 \2 \2/p' | sed '/ __gnu_lto/d' \> conftest.nm
configure:8484: $? = 0
configure:8550: gcc -o conftest -g -O2   conftest.c conftstm.o >&5
configure:8553: $? = 0
configure:8591: result: ok
configure:8628: checking for sysroot
configure:8658: result: no
configure:8735: gcc -c -g -O2  conftest.c >&5
configure:8738: $? = 0
configure:8914: checking for mt
configure:8944: result: no
configure:8964: checking if : is a manifest tool
configure:8970: : '-?'
configure:8978: result: no
configure:9620: checking how to run the C preprocessor
configure:9651: gcc -E  conftest.c
configure:9651: $? = 0
configure:9665: gcc -E  conftest.c
conftest.c:9:28: fatal error: ac_nonexistent.h: No such file or directory
 #include <ac_nonexistent.h>
                            ^
compilation terminated.
configure:9665: $? = 1
configure: failed program was:
| /* confdefs.h */
| #define PACKAGE_NAME "unimrcp"
| #define PACKAGE_TARNAME "unimrcp"
| #define PACKAGE_VERSION "1.5.0"
| #define PACKAGE_STRING "unimrcp 1.5.0"
| #define PACKAGE_BUGREPORT ""
| #define PACKAGE_URL ""
| /* end confdefs.h.  */
| #include <ac_nonexistent.h>
configure:9690: result: gcc -E
configure:9710: gcc -E  conftest.c
configure:9710: $? = 0
configure:9724: gcc -E  conftest.c
conftest.c:9:28: fatal error: ac_nonexistent.h: No such file or directory
 #include <ac_nonexistent.h>
                            ^
compilation terminated.
configure:9724: $? = 1
configure: failed program was:
| /* confdefs.h */
| #define PACKAGE_NAME "unimrcp"
| #define PACKAGE_TARNAME "unimrcp"
| #define PACKAGE_VERSION "1.5.0"
| #define PACKAGE_STRING "unimrcp 1.5.0"
| #define PACKAGE_BUGREPORT ""
| #define PACKAGE_URL ""
| /* end confdefs.h.  */
| #include <ac_nonexistent.h>
configure:9753: checking for ANSI C header files
configure:9773: gcc -c -g -O2  conftest.c >&5
configure:9773: $? = 0
configure:9846: gcc -o conftest -g -O2   conftest.c  >&5
configure:9846: $? = 0
configure:9846: ./conftest
configure:9846: $? = 0
configure:9857: result: yes
configure:9870: checking for sys/types.h
configure:9870: gcc -c -g -O2  conftest.c >&5
configure:9870: $? = 0
configure:9870: result: yes
configure:9870: checking for sys/stat.h
configure:9870: gcc -c -g -O2  conftest.c >&5
configure:9870: $? = 0
configure:9870: result: yes
configure:9870: checking for stdlib.h
configure:9870: gcc -c -g -O2  conftest.c >&5
configure:9870: $? = 0
configure:9870: result: yes
configure:9870: checking for string.h
configure:9870: gcc -c -g -O2  conftest.c >&5
configure:9870: $? = 0
configure:9870: result: yes
configure:9870: checking for memory.h
configure:9870: gcc -c -g -O2  conftest.c >&5
configure:9870: $? = 0
configure:9870: result: yes
configure:9870: checking for strings.h
configure:9870: gcc -c -g -O2  conftest.c >&5
configure:9870: $? = 0
configure:9870: result: yes
configure:9870: checking for inttypes.h
configure:9870: gcc -c -g -O2  conftest.c >&5
configure:9870: $? = 0
configure:9870: result: yes
configure:9870: checking for stdint.h
configure:9870: gcc -c -g -O2  conftest.c >&5
configure:9870: $? = 0
configure:9870: result: yes
configure:9870: checking for unistd.h
configure:9870: gcc -c -g -O2  conftest.c >&5
configure:9870: $? = 0
configure:9870: result: yes
configure:9884: checking for dlfcn.h
configure:9884: gcc -c -g -O2  conftest.c >&5
configure:9884: $? = 0
configure:9884: result: yes
configure:10101: checking for objdir
configure:10116: result: .libs
configure:10387: checking if gcc supports -fno-rtti -fno-exceptions
configure:10405: gcc -c -g -O2  -fno-rtti -fno-exceptions conftest.c >&5
cc1: warning: command line option '-fno-rtti' is valid for C++/ObjC++ but not for C [enabled by default]
configure:10409: $? = 0
configure:10422: result: no
configure:10749: checking for gcc option to produce PIC
configure:10756: result: -fPIC -DPIC
configure:10764: checking if gcc PIC flag -fPIC -DPIC works
configure:10782: gcc -c -g -O2  -fPIC -DPIC -DPIC conftest.c >&5
configure:10786: $? = 0
configure:10799: result: yes
configure:10828: checking if gcc static flag -static works
configure:10856: result: no
configure:10871: checking if gcc supports -c -o file.o
configure:10892: gcc -c -g -O2  -o out/conftest2.o conftest.c >&5
configure:10896: $? = 0
configure:10918: result: yes
configure:10926: checking if gcc supports -c -o file.o
configure:10973: result: yes
configure:11006: checking whether the gcc linker (/bin/ld -m elf_x86_64) supports shared libraries
configure:12159: result: yes
configure:12196: checking whether -lc should be explicitly linked in
configure:12204: gcc -c -g -O2  conftest.c >&5
configure:12207: $? = 0
configure:12222: gcc -shared  -fPIC -DPIC conftest.o  -v -Wl,-soname -Wl,conftest -o conftest 2\>\&1 \| /bin/grep  -lc  \>/dev/null 2\>\&1
configure:12225: $? = 0
configure:12239: result: no
configure:12399: checking dynamic linker characteristics
configure:12910: gcc -o conftest -g -O2   -Wl,-rpath -Wl,/foo conftest.c  >&5
configure:12910: $? = 0
configure:13136: result: GNU/Linux ld.so
configure:13243: checking how to hardcode library paths into programs
configure:13268: result: immediate
configure:13808: checking whether stripping libraries is possible
configure:13813: result: yes
configure:13848: checking if libtool supports shared libraries
configure:13850: result: yes
configure:13853: checking whether to build shared libraries
configure:13874: result: yes
configure:13877: checking whether to build static libraries
configure:13881: result: yes
configure:13904: checking how to run the C++ preprocessor
configure:13931: g++ -E  conftest.cpp
configure:13931: $? = 0
configure:13945: g++ -E  conftest.cpp
conftest.cpp:21:28: fatal error: ac_nonexistent.h: No such file or directory
 #include <ac_nonexistent.h>
                            ^
compilation terminated.
configure:13945: $? = 1
configure: failed program was:
| /* confdefs.h */
| #define PACKAGE_NAME "unimrcp"
| #define PACKAGE_TARNAME "unimrcp"
| #define PACKAGE_VERSION "1.5.0"
| #define PACKAGE_STRING "unimrcp 1.5.0"
| #define PACKAGE_BUGREPORT ""
| #define PACKAGE_URL ""
| #define STDC_HEADERS 1
| #define HAVE_SYS_TYPES_H 1
| #define HAVE_SYS_STAT_H 1
| #define HAVE_STDLIB_H 1
| #define HAVE_STRING_H 1
| #define HAVE_MEMORY_H 1
| #define HAVE_STRINGS_H 1
| #define HAVE_INTTYPES_H 1
| #define HAVE_STDINT_H 1
| #define HAVE_UNISTD_H 1
| #define HAVE_DLFCN_H 1
| #define LT_OBJDIR ".libs/"
| /* end confdefs.h.  */
| #include <ac_nonexistent.h>
configure:13970: result: g++ -E
configure:13990: g++ -E  conftest.cpp
configure:13990: $? = 0
configure:14004: g++ -E  conftest.cpp
conftest.cpp:21:28: fatal error: ac_nonexistent.h: No such file or directory
 #include <ac_nonexistent.h>
                            ^
compilation terminated.
configure:14004: $? = 1
configure: failed program was:
| /* confdefs.h */
| #define PACKAGE_NAME "unimrcp"
| #define PACKAGE_TARNAME "unimrcp"
| #define PACKAGE_VERSION "1.5.0"
| #define PACKAGE_STRING "unimrcp 1.5.0"
| #define PACKAGE_BUGREPORT ""
| #define PACKAGE_URL ""
| #define STDC_HEADERS 1
| #define HAVE_SYS_TYPES_H 1
| #define HAVE_SYS_STAT_H 1
| #define HAVE_STDLIB_H 1
| #define HAVE_STRING_H 1
| #define HAVE_MEMORY_H 1
| #define HAVE_STRINGS_H 1
| #define HAVE_INTTYPES_H 1
| #define HAVE_STDINT_H 1
| #define HAVE_UNISTD_H 1
| #define HAVE_DLFCN_H 1
| #define LT_OBJDIR ".libs/"
| /* end confdefs.h.  */
| #include <ac_nonexistent.h>
configure:14173: checking for ld used by g++
configure:14240: result: /bin/ld -m elf_x86_64
configure:14247: checking if the linker (/bin/ld -m elf_x86_64) is GNU ld
configure:14262: result: yes
configure:14317: checking whether the g++ linker (/bin/ld -m elf_x86_64) supports shared libraries
configure:15322: result: yes
configure:15358: g++ -c -g -O2  conftest.cpp >&5
configure:15361: $? = 0
configure:15881: checking for g++ option to produce PIC
configure:15888: result: -fPIC -DPIC
configure:15896: checking if g++ PIC flag -fPIC -DPIC works
configure:15914: g++ -c -g -O2  -fPIC -DPIC -DPIC conftest.cpp >&5
configure:15918: $? = 0
configure:15931: result: yes
configure:15954: checking if g++ static flag -static works
configure:15982: result: no
configure:15994: checking if g++ supports -c -o file.o
configure:16015: g++ -c -g -O2  -o out/conftest2.o conftest.cpp >&5
configure:16019: $? = 0
configure:16041: result: yes
configure:16046: checking if g++ supports -c -o file.o
configure:16093: result: yes
configure:16123: checking whether the g++ linker (/bin/ld -m elf_x86_64) supports shared libraries
configure:16159: result: yes
configure:16300: checking dynamic linker characteristics
configure:16971: result: GNU/Linux ld.so
configure:17024: checking how to hardcode library paths into programs
configure:17049: result: immediate
configure:17114: checking for C compiler vendor
configure:17158: gcc -c -g -O2  conftest.c >&5
conftest.c: In function 'main':
conftest.c:8:9: error: 'thisisanerror' undeclared (first use in this function)
         thisisanerror;
         ^
conftest.c:8:9: note: each undeclared identifier is reported only once for each function it appears in
configure:17158: $? = 1
configure: failed program was:
| /* end confdefs.h.  */
| 
| int
| main ()
| {
| 
|       #if !(defined(__ICC) || defined(__ECC) || defined(__INTEL_COMPILER))
|         thisisanerror;
|       #endif
| 
|   ;
|   return 0;
| }
configure:17158: gcc -c -g -O2  conftest.c >&5
conftest.c: In function 'main':
conftest.c:8:9: error: 'thisisanerror' undeclared (first use in this function)
         thisisanerror;
         ^
conftest.c:8:9: note: each undeclared identifier is reported only once for each function it appears in
configure:17158: $? = 1
configure: failed program was:
| /* end confdefs.h.  */
| 
| int
| main ()
| {
| 
|       #if !(defined(__xlc__) || defined(__xlC__) || defined(__IBMC__) || defined(__IBMCPP__))
|         thisisanerror;
|       #endif
| 
|   ;
|   return 0;
| }
configure:17158: gcc -c -g -O2  conftest.c >&5
conftest.c: In function 'main':
conftest.c:8:9: error: 'thisisanerror' undeclared (first use in this function)
         thisisanerror;
         ^
conftest.c:8:9: note: each undeclared identifier is reported only once for each function it appears in
configure:17158: $? = 1
configure: failed program was:
| /* end confdefs.h.  */
| 
| int
| main ()
| {
| 
|       #if !(defined(__PATHCC__) || defined(__PATHSCALE__))
|         thisisanerror;
|       #endif
| 
|   ;
|   return 0;
| }
configure:17158: gcc -c -g -O2  conftest.c >&5
conftest.c: In function 'main':
conftest.c:8:9: error: 'thisisanerror' undeclared (first use in this function)
         thisisanerror;
         ^
conftest.c:8:9: note: each undeclared identifier is reported only once for each function it appears in
configure:17158: $? = 1
configure: failed program was:
| /* end confdefs.h.  */
| 
| int
| main ()
| {
| 
|       #if !(defined(__clang__))
|         thisisanerror;
|       #endif
| 
|   ;
|   return 0;
| }
configure:17158: gcc -c -g -O2  conftest.c >&5
configure:17158: $? = 0
configure:17166: result: gnu
configure:17172: checking for pkg-config
configure:17190: found /bin/pkg-config
configure:17203: result: /bin/pkg-config
configure:17229: Apache Portable Runtime (APR) library configuration
configure:17257: checking for APR
configure:17333: result: yes
configure:17354: result: 1.5.2
configure:17464: Apache Portable Runtime Utility (APU) library configuration
configure:17492: checking for APR-util
configure:17568: result: yes
configure:17589: result: 1.5.4
configure:17661: Sofia SIP library configuration
configure:17664: checking for Sofia-SIP
configure:17720: result: yes
configure:17722: result: 1.12.11-234-gd74df2e
configure:17744: enable inter-library dependencies: yes
configure:17762: enable maintainer mode: no
configure:18210: checking that generated files are newer than configure
configure:18216: result: done
configure:18303: creating ./config.status

## ---------------------- ##
## Running config.status. ##
## ---------------------- ##

This file was extended by unimrcp config.status 1.5.0, which was
generated by GNU Autoconf 2.69.  Invocation command line was

  CONFIG_FILES    = 
  CONFIG_HEADERS  = 
  CONFIG_LINKS    = 
  CONFIG_COMMANDS = 
  $ ./config.status 

on bogon

config.status:1148: creating Makefile
config.status:1148: creating libs/Makefile
config.status:1148: creating libs/apr-toolkit/Makefile
config.status:1148: creating libs/mpf/Makefile
config.status:1148: creating libs/mrcp/Makefile
config.status:1148: creating libs/mrcp-signaling/Makefile
config.status:1148: creating libs/mrcpv2-transport/Makefile
config.status:1148: creating libs/mrcp-engine/Makefile
config.status:1148: creating libs/mrcp-server/Makefile
config.status:1148: creating libs/mrcp-client/Makefile
config.status:1148: creating libs/uni-rtsp/Makefile
config.status:1148: creating modules/Makefile
config.status:1148: creating modules/mrcp-sofiasip/Makefile
config.status:1148: creating modules/mrcp-unirtsp/Makefile
config.status:1148: creating plugins/Makefile
config.status:1148: creating plugins/mrcp-recorder/Makefile
config.status:1148: creating plugins/demo-synth/Makefile
config.status:1148: creating plugins/xfyun-synth/Makefile
config.status:1148: creating plugins/demo-recog/Makefile
config.status:1148: creating plugins/xfyun-recog/Makefile
config.status:1148: creating plugins/demo-verifier/Makefile
config.status:1148: creating platforms/Makefile
config.status:1148: creating platforms/libunimrcp-server/Makefile
config.status:1148: creating platforms/libunimrcp-client/Makefile
config.status:1148: creating platforms/unimrcp-server/Makefile
config.status:1148: creating platforms/unimrcp-client/Makefile
config.status:1148: creating platforms/libasr-client/Makefile
config.status:1148: creating platforms/asr-client/Makefile
config.status:1148: creating platforms/umc/Makefile
config.status:1148: creating tests/Makefile
config.status:1148: creating tests/apttest/Makefile
config.status:1148: creating tests/mpftest/Makefile
config.status:1148: creating tests/mrcptest/Makefile
config.status:1148: creating tests/rtsptest/Makefile
config.status:1148: creating tests/strtablegen/Makefile
config.status:1148: creating build/Makefile
config.status:1148: creating build/pkgconfig/Makefile
config.status:1148: creating build/pkgconfig/unimrcpclient.pc
config.status:1148: creating build/pkgconfig/unimrcpserver.pc
config.status:1148: creating build/pkgconfig/unimrcpplugin.pc
config.status:1148: creating conf/Makefile
config.status:1148: creating data/Makefile
config.status:1148: creating docs/doxygen.conf
config.status:1320: executing depfiles commands
config.status:1320: executing libtool commands

## ---------------- ##
## Cache variables. ##
## ---------------- ##

ac_cv_build=x86_64-unknown-linux-gnu
ac_cv_c_compiler_gnu=yes
ac_cv_cxx_compiler_gnu=yes
ac_cv_env_CCC_set=
ac_cv_env_CCC_value=
ac_cv_env_CC_set=
ac_cv_env_CC_value=
ac_cv_env_CFLAGS_set=
ac_cv_env_CFLAGS_value=
ac_cv_env_CPPFLAGS_set=
ac_cv_env_CPPFLAGS_value=
ac_cv_env_CPP_set=
ac_cv_env_CPP_value=
ac_cv_env_CXXCPP_set=
ac_cv_env_CXXCPP_value=
ac_cv_env_CXXFLAGS_set=
ac_cv_env_CXXFLAGS_value=
ac_cv_env_CXX_set=
ac_cv_env_CXX_value=
ac_cv_env_LDFLAGS_set=
ac_cv_env_LDFLAGS_value=
ac_cv_env_LIBS_set=
ac_cv_env_LIBS_value=
ac_cv_env_build_alias_set=
ac_cv_env_build_alias_value=
ac_cv_env_host_alias_set=
ac_cv_env_host_alias_value=
ac_cv_env_target_alias_set=
ac_cv_env_target_alias_value=
ac_cv_header_dlfcn_h=yes
ac_cv_header_inttypes_h=yes
ac_cv_header_memory_h=yes
ac_cv_header_stdc=yes
ac_cv_header_stdint_h=yes
ac_cv_header_stdlib_h=yes
ac_cv_header_string_h=yes
ac_cv_header_strings_h=yes
ac_cv_header_sys_stat_h=yes
ac_cv_header_sys_types_h=yes
ac_cv_header_unistd_h=yes
ac_cv_host=x86_64-unknown-linux-gnu
ac_cv_objext=o
ac_cv_path_EGREP='/bin/grep -E'
ac_cv_path_FGREP='/bin/grep -F'
ac_cv_path_GREP=/bin/grep
ac_cv_path_PKG_CONFIG=/bin/pkg-config
ac_cv_path_SED=/bin/sed
ac_cv_path_install='/bin/install -c'
ac_cv_path_mkdir=/bin/mkdir
ac_cv_prog_AWK=gawk
ac_cv_prog_CPP='gcc -E'
ac_cv_prog_CXXCPP='g++ -E'
ac_cv_prog_ac_ct_AR=ar
ac_cv_prog_ac_ct_CC=gcc
ac_cv_prog_ac_ct_CXX=g++
ac_cv_prog_ac_ct_OBJDUMP=objdump
ac_cv_prog_ac_ct_RANLIB=ranlib
ac_cv_prog_ac_ct_STRIP=strip
ac_cv_prog_cc_c89=
ac_cv_prog_cc_g=yes
ac_cv_prog_cc_gcc_c_o=yes
ac_cv_prog_cxx_g=yes
ac_cv_prog_make_make_set=yes
am_cv_CC_dependencies_compiler_type=gcc3
am_cv_CXX_dependencies_compiler_type=gcc3
am_cv_make_support_nested_variables=yes
ax_cv_c_compiler_vendor=gnu
lt_cv_ar_at_file=@
lt_cv_archive_cmds_need_lc=no
lt_cv_deplibs_check_method=pass_all
lt_cv_file_magic_cmd='$MAGIC_CMD'
lt_cv_file_magic_test_file=
lt_cv_ld_reload_flag=-r
lt_cv_nm_interface='BSD nm'
lt_cv_objdir=.libs
lt_cv_path_LD=/bin/ld
lt_cv_path_LDCXX='/bin/ld -m elf_x86_64'
lt_cv_path_NM='/bin/nm -B'
lt_cv_path_mainfest_tool=no
lt_cv_prog_compiler_c_o=yes
lt_cv_prog_compiler_c_o_CXX=yes
lt_cv_prog_compiler_pic='-fPIC -DPIC'
lt_cv_prog_compiler_pic_CXX='-fPIC -DPIC'
lt_cv_prog_compiler_pic_works=yes
lt_cv_prog_compiler_pic_works_CXX=yes
lt_cv_prog_compiler_rtti_exceptions=no
lt_cv_prog_compiler_static_works=no
lt_cv_prog_compiler_static_works_CXX=no
lt_cv_prog_gnu_ld=yes
lt_cv_prog_gnu_ldcxx=yes
lt_cv_sharedlib_from_linklib_cmd='printf %s\n'
lt_cv_shlibpath_overrides_runpath=no
lt_cv_sys_global_symbol_pipe='sed -n -e '\''s/^.*[	 ]\([ABCDGIRSTW][ABCDGIRSTW]*\)[	 ][	 ]*\([_A-Za-z][_A-Za-z0-9]*\)$/\1 \2 \2/p'\'' | sed '\''/ __gnu_lto/d'\'''
lt_cv_sys_global_symbol_to_c_name_address='sed -n -e '\''s/^: \([^ ]*\)[ ]*$/  {\"\1\", (void *) 0},/p'\'' -e '\''s/^[ABCDGIRSTW]* \([^ ]*\) \([^ ]*\)$/  {"\2", (void *) \&\2},/p'\'''
lt_cv_sys_global_symbol_to_c_name_address_lib_prefix='sed -n -e '\''s/^: \([^ ]*\)[ ]*$/  {\"\1\", (void *) 0},/p'\'' -e '\''s/^[ABCDGIRSTW]* \([^ ]*\) \(lib[^ ]*\)$/  {"\2", (void *) \&\2},/p'\'' -e '\''s/^[ABCDGIRSTW]* \([^ ]*\) \([^ ]*\)$/  {"lib\2", (void *) \&\2},/p'\'''
lt_cv_sys_global_symbol_to_cdecl='sed -n -e '\''s/^T .* \(.*\)$/extern int \1();/p'\'' -e '\''s/^[ABCDGIRSTW]* .* \(.*\)$/extern char \1;/p'\'''
lt_cv_sys_max_cmd_len=1572864
lt_cv_to_host_file_cmd=func_convert_file_noop
lt_cv_to_tool_file_cmd=func_convert_file_noop

## ----------------- ##
## Output variables. ##
## ----------------- ##

ACLOCAL='aclocal-1.13'
AMDEPBACKSLASH='\'
AMDEP_FALSE='#'
AMDEP_TRUE=''
AMTAR='$${TAR-tar}'
AM_BACKSLASH='\'
AM_DEFAULT_V='$(AM_DEFAULT_VERBOSITY)'
AM_DEFAULT_VERBOSITY='0'
AM_V='$(V)'
AR='ar'
ASR_CLIENT_FALSE='#'
ASR_CLIENT_TRUE=''
AUTOCONF='autoconf'
AUTOHEADER='autoheader'
AUTOMAKE='automake-1.13'
AWK='gawk'
CC='gcc'
CCDEPMODE='depmode=gcc3'
CFLAGS='-g -O2 -pthread'
COMMON_CLIENT_DATA_FALSE='#'
COMMON_CLIENT_DATA_TRUE=''
CPP='gcc -E'
CPPFLAGS=' -DLINUX -D_REENTRANT -D_GNU_SOURCE'
CXX='g++'
CXXCPP='g++ -E'
CXXDEPMODE='depmode=gcc3'
CXXFLAGS='-g -O2'
CYGPATH_W='echo'
DEFS=''
DEMORECOG_PLUGIN_FALSE='#'
DEMORECOG_PLUGIN_TRUE=''
DEMOSYNTH_PLUGIN_FALSE='#'
DEMOSYNTH_PLUGIN_TRUE=''
DEMOVERIFIER_PLUGIN_FALSE='#'
DEMOVERIFIER_PLUGIN_TRUE=''
DEPDIR='.deps'
DLLTOOL='false'
DSYMUTIL=''
DUMPBIN=''
ECHO_C=''
ECHO_N='-n'
ECHO_T=''
EGREP='/bin/grep -E'
EXEEXT=''
FGREP='/bin/grep -F'
GREP='/bin/grep'
INSTALL_DATA='${INSTALL} -m 644'
INSTALL_PROGRAM='${INSTALL}'
INSTALL_SCRIPT='${INSTALL}'
INSTALL_STRIP_PROGRAM='$(install_sh) -c -s'
ISMAC_FALSE=''
ISMAC_TRUE='#'
LD='/bin/ld -m elf_x86_64'
LDFLAGS=' '
LIBOBJS=''
LIBS=''
LIBTOOL='$(SHELL) $(top_builddir)/libtool'
LIPO=''
LN_S='cp -pR'
LTLIBOBJS=''
MAKEINFO='makeinfo'
MANIFEST_TOOL=':'
MKDIR_P='/bin/mkdir -p'
NM='/bin/nm -B'
NMEDIT=''
OBJDUMP='objdump'
OBJEXT='o'
OTOOL64=''
OTOOL=''
PACKAGE='unimrcp'
PACKAGE_BUGREPORT=''
PACKAGE_NAME='unimrcp'
PACKAGE_STRING='unimrcp 1.5.0'
PACKAGE_TARNAME='unimrcp'
PACKAGE_URL=''
PACKAGE_VERSION='1.5.0'
PATH_SEPARATOR=':'
PKG_CONFIG='/bin/pkg-config'
PLUGIN_LT_VERSION='-version-info 5:0:5'
RANLIB='ranlib'
RECORDER_PLUGIN_FALSE='#'
RECORDER_PLUGIN_TRUE=''
SED='/bin/sed'
SET_MAKE=''
SHELL='/bin/sh'
STRIP='strip'
TEST_SUITES_FALSE=''
TEST_SUITES_TRUE='#'
UMC_FALSE='#'
UMC_TRUE=''
UNIMRCP_APR_INCLUDES=' -I/usr/local/apr/include/apr-1 '
UNIMRCP_APR_LIBS=' -L/usr/local/apr/lib -lapr-1 -laprutil-1'
UNIMRCP_CLIENT_APP_FALSE='#'
UNIMRCP_CLIENT_APP_TRUE=''
UNIMRCP_CLIENT_LIB_FALSE='#'
UNIMRCP_CLIENT_LIB_TRUE=''
UNIMRCP_SERVER_APP_FALSE='#'
UNIMRCP_SERVER_APP_TRUE=''
UNIMRCP_SERVER_LIB_FALSE='#'
UNIMRCP_SERVER_LIB_TRUE=''
UNIMRCP_SOFIA_INCLUDES='-I/usr/local/include/sofia-sip-1.12  '
UNIMRCP_SOFIA_LIBS='-L/usr/local/lib -lsofia-sip-ua  '
UNI_DOTTED_VERSION='1.5.0'
UNI_LT_VERSION='-version-info 5:0:5'
VERSION='1.5.0'
XFYUNRECOG_PLUGIN_FALSE='#'
XFYUNRECOG_PLUGIN_TRUE=''
XFYUNSYNTH_PLUGIN_FALSE='#'
XFYUNSYNTH_PLUGIN_TRUE=''
ac_aux_dir='build'
ac_ct_AR='ar'
ac_ct_CC='gcc'
ac_ct_CXX='g++'
ac_ct_DUMPBIN=''
ac_macro_dir='build/acmacros'
am__EXEEXT_FALSE=''
am__EXEEXT_TRUE='#'
am__fastdepCC_FALSE='#'
am__fastdepCC_TRUE=''
am__fastdepCXX_FALSE='#'
am__fastdepCXX_TRUE=''
am__include='include'
am__isrc=''
am__leading_dot='.'
am__nodep='_no'
am__quote=''
am__tar='$${TAR-tar} chof - "$$tardir"'
am__untar='$${TAR-tar} xf -'
bindir='${exec_prefix}/bin'
build='x86_64-unknown-linux-gnu'
build_alias=''
build_cpu='x86_64'
build_os='linux-gnu'
build_vendor='unknown'
datadir='${prefix}/data'
datarootdir='${prefix}/share'
docdir='${datarootdir}/doc/${PACKAGE_TARNAME}'
dvidir='${docdir}'
exec_prefix='${prefix}'
host='x86_64-unknown-linux-gnu'
host_alias=''
host_cpu='x86_64'
host_os='linux-gnu'
host_vendor='unknown'
htmldir='${docdir}'
includedir='${prefix}/include'
infodir='${datarootdir}/info'
install_sh='${SHELL} /home/cotin/share/build/install-sh'
libdir='${exec_prefix}/lib'
libexecdir='${exec_prefix}/modules'
localedir='${datarootdir}/locale'
localstatedir='${prefix}'
logdir='${exec_prefix}/log'
mandir='${prefix}/man'
mkdir_p='$(MKDIR_P)'
oldincludedir='/usr/include'
pdfdir='${docdir}'
plugindir='${exec_prefix}/plugin'
prefix='/usr/local/unimrcp'
program_transform_name='s,x,x,'
psdir='${docdir}'
sbindir='${exec_prefix}/bin'
sharedstatedir='${prefix}/com'
sysconfdir='${prefix}/conf'
target_alias=''
vardir='${exec_prefix}/var'

configure: exit 0
