This file contains any messages produced by compilers while
running configure, to aid debugging if configure makes a mistake.

It was created by expat configure 1.95.7, which was
generated by GNU Autoconf 2.63.  Invocation command line was

  $ /home/cotin/share/unimrcp-deps-1.5.0/libs/apr-util/xml/expat/configure --disable-option-checking --with-apr=/home/cotin/share/unimrcp-deps-1.5.0/libs/apr --prefix=/usr/local/apr --cache-file=/dev/null --srcdir=/home/cotin/share/unimrcp-deps-1.5.0/libs/apr-util/xml/expat --prefix=/usr/local/apr --exec-prefix=/usr/local/apr --libdir=${prefix}/lib --includedir=/usr/local/apr/include/apr-1 --bindir=${prefix}/bin

## --------- ##
## Platform. ##
## --------- ##

hostname = bogon
uname -m = x86_64
uname -r = 3.10.0-693.21.1.el7.x86_64
uname -s = Linux
uname -v = #1 SMP Wed Mar 7 19:03:37 UTC 2018

/usr/bin/uname -p = x86_64
/bin/uname -X     = unknown

/bin/arch              = x86_64
/usr/bin/arch -k       = unknown
/usr/convex/getsysinfo = unknown
/usr/bin/hostinfo      = unknown
/bin/machine           = unknown
/usr/bin/oslevel       = unknown
/bin/universe          = unknown

PATH: /sbin
PATH: /bin
PATH: /usr/sbin
PATH: /usr/bin


## ----------- ##
## Core tests. ##
## ----------- ##

configure:3556: checking build system type
configure:3574: result: x86_64-unknown-linux-gnu
configure:3596: checking host system type
configure:3611: result: x86_64-unknown-linux-gnu
configure:3633: checking target system type
configure:3648: result: x86_64-unknown-linux-gnu
configure:4060: checking for gcc
configure:4076: found /bin/gcc
configure:4087: result: gcc
configure:4319: checking for C compiler version
configure:4327: gcc --version >&5
gcc (GCC) 4.8.5 20150623 (Red Hat 4.8.5-16)
Copyright (C) 2015 Free Software Foundation, Inc.
This is free software; see the source for copying conditions.  There is NO
warranty; not even for MERCHANTABILITY or FITNESS FOR A PARTICULAR PURPOSE.

configure:4331: $? = 0
configure:4338: gcc -v >&5
Using built-in specs.
COLLECT_GCC=gcc
COLLECT_LTO_WRAPPER=/usr/libexec/gcc/x86_64-redhat-linux/4.8.5/lto-wrapper
Target: x86_64-redhat-linux
Configured with: ../configure --prefix=/usr --mandir=/usr/share/man --infodir=/usr/share/info --with-bugurl=http://bugzilla.redhat.com/bugzilla --enable-bootstrap --enable-shared --enable-threads=posix --enable-checking=release --with-system-zlib --enable-__cxa_atexit --disable-libunwind-exceptions --enable-gnu-unique-object --enable-linker-build-id --with-linker-hash-style=gnu --enable-languages=c,c++,objc,obj-c++,java,fortran,ada,go,lto --enable-plugin --enable-initfini-array --disable-libgcj --with-isl=/builddir/build/BUILD/gcc-4.8.5-20150702/obj-x86_64-redhat-linux/isl-install --with-cloog=/builddir/build/BUILD/gcc-4.8.5-20150702/obj-x86_64-redhat-linux/cloog-install --enable-gnu-indirect-function --with-tune=generic --with-arch_32=x86-64 --build=x86_64-redhat-linux
Thread model: posix
gcc version 4.8.5 20150623 (Red Hat 4.8.5-16) (GCC) 
configure:4342: $? = 0
configure:4349: gcc -V >&5
gcc: error: unrecognized command line option '-V'
gcc: fatal error: no input files
compilation terminated.
configure:4353: $? = 4
configure:4376: checking for C compiler default output file name
configure:4398: gcc    conftest.c  >&5
configure:4402: $? = 0
configure:4440: result: a.out
configure:4459: checking whether the C compiler works
configure:4469: ./a.out
configure:4473: $? = 0
configure:4492: result: yes
configure:4499: checking whether we are cross compiling
configure:4501: result: no
configure:4504: checking for suffix of executables
configure:4511: gcc -o conftest    conftest.c  >&5
configure:4515: $? = 0
configure:4541: result: 
configure:4547: checking for suffix of object files
configure:4573: gcc -c   conftest.c >&5
configure:4577: $? = 0
configure:4602: result: o
configure:4606: checking whether we are using the GNU C compiler
configure:4635: gcc -c   conftest.c >&5
configure:4642: $? = 0
configure:4659: result: yes
configure:4668: checking whether gcc accepts -g
configure:4698: gcc -c -g  conftest.c >&5
configure:4705: $? = 0
configure:4806: result: yes
configure:4823: checking for gcc option to accept ISO C89
configure:4897: gcc  -c -g -O2  conftest.c >&5
configure:4904: $? = 0
configure:4927: result: none needed
configure:4945: checking for a sed that does not truncate output
configure:5011: result: /bin/sed
configure:5029: checking for grep that handles long lines and -e
configure:5089: result: /bin/grep
configure:5094: checking for egrep
configure:5158: result: /bin/grep -E
configure:5163: checking for fgrep
configure:5227: result: /bin/grep -F
configure:5262: checking for ld used by gcc
configure:5329: result: /bin/ld
configure:5338: checking if the linker (/bin/ld) is GNU ld
configure:5353: result: yes
configure:5365: checking for BSD- or MS-compatible name lister (nm)
configure:5414: result: /bin/nm -B
configure:5532: checking the name lister (/bin/nm -B) interface
configure:5539: gcc -c -g -O2  conftest.c >&5
configure:5542: /bin/nm -B "conftest.o"
configure:5545: output
0000000000000000 B some_variable
configure:5552: result: BSD nm
configure:5555: checking whether ln -s works
configure:5562: result: no, using cp -p
configure:5567: checking the maximum length of command line arguments
configure:5687: result: 1572864
configure:5704: checking whether the shell understands some XSI constructs
configure:5714: result: yes
configure:5718: checking whether the shell understands "+="
configure:5724: result: yes
configure:5759: checking for /bin/ld option to reload object files
configure:5766: result: -r
configure:5835: checking for objdump
configure:5862: result: objdump
configure:5891: checking how to recognize dependent libraries
configure:6087: result: pass_all
configure:6147: checking for ar
configure:6163: found /bin/ar
configure:6174: result: ar
configure:6252: checking for strip
configure:6268: found /bin/strip
configure:6279: result: strip
configure:6351: checking for ranlib
configure:6367: found /bin/ranlib
configure:6378: result: ranlib
configure:6468: checking command to parse /bin/nm -B output from gcc object
configure:6586: gcc -c -g -O2  conftest.c >&5
configure:6589: $? = 0
configure:6593: /bin/nm -B conftest.o \| sed -n -e 's/^.*[	 ]\([ABCDGIRSTW][ABCDGIRSTW]*\)[	 ][	 ]*\([_A-Za-z][_A-Za-z0-9]*\)$/\1 \2 \2/p' \> conftest.nm
configure:6596: $? = 0
configure:6650: gcc -o conftest -g -O2   conftest.c conftstm.o >&5
configure:6653: $? = 0
configure:6691: result: ok
configure:6787: gcc -c -g -O2  conftest.c >&5
configure:6790: $? = 0
configure:7558: checking how to run the C preprocessor
configure:7598: gcc -E  conftest.c
configure:7605: $? = 0
configure:7636: gcc -E  conftest.c
conftest.c:8:28: fatal error: ac_nonexistent.h: No such file or directory
 #include <ac_nonexistent.h>
                            ^
compilation terminated.
configure:7643: $? = 1
configure: failed program was:
| /* confdefs.h.  */
| #define PACKAGE_NAME "expat"
| #define PACKAGE_TARNAME "expat"
| #define PACKAGE_VERSION "1.95.7"
| #define PACKAGE_STRING "expat 1.95.7"
| #define PACKAGE_BUGREPORT "expat-bugs@mail.libexpat.org"
| /* end confdefs.h.  */
| #include <ac_nonexistent.h>
configure:7676: result: gcc -E
configure:7705: gcc -E  conftest.c
configure:7712: $? = 0
configure:7743: gcc -E  conftest.c
conftest.c:8:28: fatal error: ac_nonexistent.h: No such file or directory
 #include <ac_nonexistent.h>
                            ^
compilation terminated.
configure:7750: $? = 1
configure: failed program was:
| /* confdefs.h.  */
| #define PACKAGE_NAME "expat"
| #define PACKAGE_TARNAME "expat"
| #define PACKAGE_VERSION "1.95.7"
| #define PACKAGE_STRING "expat 1.95.7"
| #define PACKAGE_BUGREPORT "expat-bugs@mail.libexpat.org"
| /* end confdefs.h.  */
| #include <ac_nonexistent.h>
configure:7790: checking for ANSI C header files
configure:7820: gcc -c -g -O2  conftest.c >&5
configure:7827: $? = 0
configure:7926: gcc -o conftest -g -O2   conftest.c  >&5
configure:7930: $? = 0
configure:7936: ./conftest
configure:7940: $? = 0
configure:7958: result: yes
configure:7982: checking for sys/types.h
configure:8003: gcc -c -g -O2  conftest.c >&5
configure:8010: $? = 0
configure:8027: result: yes
configure:7982: checking for sys/stat.h
configure:8003: gcc -c -g -O2  conftest.c >&5
configure:8010: $? = 0
configure:8027: result: yes
configure:7982: checking for stdlib.h
configure:8003: gcc -c -g -O2  conftest.c >&5
configure:8010: $? = 0
configure:8027: result: yes
configure:7982: checking for string.h
configure:8003: gcc -c -g -O2  conftest.c >&5
configure:8010: $? = 0
configure:8027: result: yes
configure:7982: checking for memory.h
configure:8003: gcc -c -g -O2  conftest.c >&5
configure:8010: $? = 0
configure:8027: result: yes
configure:7982: checking for strings.h
configure:8003: gcc -c -g -O2  conftest.c >&5
configure:8010: $? = 0
configure:8027: result: yes
configure:7982: checking for inttypes.h
configure:8003: gcc -c -g -O2  conftest.c >&5
configure:8010: $? = 0
configure:8027: result: yes
configure:7982: checking for stdint.h
configure:8003: gcc -c -g -O2  conftest.c >&5
configure:8010: $? = 0
configure:8027: result: yes
configure:7982: checking for unistd.h
configure:8003: gcc -c -g -O2  conftest.c >&5
configure:8010: $? = 0
configure:8027: result: yes
configure:8045: checking for dlfcn.h
configure:8066: gcc -c -g -O2  conftest.c >&5
configure:8073: $? = 0
configure:8090: result: yes
configure:8274: checking for objdir
configure:8289: result: .libs
configure:8585: checking if gcc supports -fno-rtti -fno-exceptions
configure:8603: gcc -c -g -O2  -fno-rtti -fno-exceptions conftest.c >&5
cc1: warning: command line option '-fno-rtti' is valid for C++/ObjC++ but not for C [enabled by default]
configure:8607: $? = 0
configure:8620: result: no
configure:8640: checking for gcc option to produce PIC
configure:8912: result: -fPIC -DPIC
configure:8924: checking if gcc PIC flag -fPIC -DPIC works
configure:8942: gcc -c -g -O2  -fPIC -DPIC -DPIC conftest.c >&5
configure:8946: $? = 0
configure:8959: result: yes
configure:8983: checking if gcc static flag -static works
configure:9011: result: no
configure:9026: checking if gcc supports -c -o file.o
configure:9047: gcc -c -g -O2  -o out/conftest2.o conftest.c >&5
configure:9051: $? = 0
configure:9073: result: yes
configure:9081: checking if gcc supports -c -o file.o
configure:9128: result: yes
configure:9161: checking whether the gcc linker (/bin/ld -m elf_x86_64) supports shared libraries
configure:10235: result: yes
configure:10272: checking whether -lc should be explicitly linked in
configure:10277: gcc -c -g -O2  conftest.c >&5
configure:10280: $? = 0
configure:10295: gcc -shared conftest.o  -v -Wl,-soname -Wl,conftest -o conftest 2\>\&1 \| /bin/grep  -lc  \>/dev/null 2\>\&1
configure:10298: $? = 0
configure:10310: result: no
configure:10474: checking dynamic linker characteristics
configure:10917: gcc -o conftest -g -O2   -Wl,-rpath -Wl,/foo conftest.c  >&5
configure:10924: $? = 0
configure:11160: result: GNU/Linux ld.so
configure:11262: checking how to hardcode library paths into programs
configure:11287: result: immediate
configure:12120: checking whether stripping libraries is possible
configure:12125: result: yes
configure:12160: checking if libtool supports shared libraries
configure:12162: result: yes
configure:12165: checking whether to build shared libraries
configure:12186: result: yes
configure:12189: checking whether to build static libraries
configure:12193: result: yes
configure:12283: checking for gcc
configure:12310: result: gcc
configure:12542: checking for C compiler version
configure:12550: gcc --version >&5
gcc (GCC) 4.8.5 20150623 (Red Hat 4.8.5-16)
Copyright (C) 2015 Free Software Foundation, Inc.
This is free software; see the source for copying conditions.  There is NO
warranty; not even for MERCHANTABILITY or FITNESS FOR A PARTICULAR PURPOSE.

configure:12554: $? = 0
configure:12561: gcc -v >&5
Using built-in specs.
COLLECT_GCC=gcc
COLLECT_LTO_WRAPPER=/usr/libexec/gcc/x86_64-redhat-linux/4.8.5/lto-wrapper
Target: x86_64-redhat-linux
Configured with: ../configure --prefix=/usr --mandir=/usr/share/man --infodir=/usr/share/info --with-bugurl=http://bugzilla.redhat.com/bugzilla --enable-bootstrap --enable-shared --enable-threads=posix --enable-checking=release --with-system-zlib --enable-__cxa_atexit --disable-libunwind-exceptions --enable-gnu-unique-object --enable-linker-build-id --with-linker-hash-style=gnu --enable-languages=c,c++,objc,obj-c++,java,fortran,ada,go,lto --enable-plugin --enable-initfini-array --disable-libgcj --with-isl=/builddir/build/BUILD/gcc-4.8.5-20150702/obj-x86_64-redhat-linux/isl-install --with-cloog=/builddir/build/BUILD/gcc-4.8.5-20150702/obj-x86_64-redhat-linux/cloog-install --enable-gnu-indirect-function --with-tune=generic --with-arch_32=x86-64 --build=x86_64-redhat-linux
Thread model: posix
gcc version 4.8.5 20150623 (Red Hat 4.8.5-16) (GCC) 
configure:12565: $? = 0
configure:12572: gcc -V >&5
gcc: error: unrecognized command line option '-V'
gcc: fatal error: no input files
compilation terminated.
configure:12576: $? = 4
configure:12579: checking whether we are using the GNU C compiler
configure:12632: result: yes
configure:12641: checking whether gcc accepts -g
configure:12779: result: yes
configure:12796: checking for gcc option to accept ISO C89
configure:12900: result: none needed
configure:12932: checking for a BSD-compatible install
configure:13000: result: /bin/install -c
configure:13012: checking for ANSI C header files
configure:13180: result: yes
configure:13193: checking whether byte ordering is bigendian
configure:13218: gcc -c -g -O2  conftest.c >&5
conftest.c:22:9: error: unknown type name 'not'
         not a universal capable compiler
         ^
conftest.c:22:15: error: expected '=', ',', ';', 'asm' or '__attribute__' before 'universal'
         not a universal capable compiler
               ^
conftest.c:22:15: error: unknown type name 'universal'
configure:13225: $? = 1
configure: failed program was:
| /* confdefs.h.  */
| #define PACKAGE_NAME "expat"
| #define PACKAGE_TARNAME "expat"
| #define PACKAGE_VERSION "1.95.7"
| #define PACKAGE_STRING "expat 1.95.7"
| #define PACKAGE_BUGREPORT "expat-bugs@mail.libexpat.org"
| #define STDC_HEADERS 1
| #define HAVE_SYS_TYPES_H 1
| #define HAVE_SYS_STAT_H 1
| #define HAVE_STDLIB_H 1
| #define HAVE_STRING_H 1
| #define HAVE_MEMORY_H 1
| #define HAVE_STRINGS_H 1
| #define HAVE_INTTYPES_H 1
| #define HAVE_STDINT_H 1
| #define HAVE_UNISTD_H 1
| #define HAVE_DLFCN_H 1
| #define LT_OBJDIR ".libs/"
| #define STDC_HEADERS 1
| /* end confdefs.h.  */
| #ifndef __APPLE_CC__
| 	       not a universal capable compiler
| 	     #endif
| 	     typedef int dummy;
| 
configure:13275: gcc -c -g -O2  conftest.c >&5
configure:13282: $? = 0
configure:13314: gcc -c -g -O2  conftest.c >&5
conftest.c: In function 'main':
conftest.c:28:4: error: unknown type name 'not'
    not big endian
    ^
conftest.c:28:12: error: expected '=', ',', ';', 'asm' or '__attribute__' before 'endian'
    not big endian
            ^
configure:13321: $? = 1
configure: failed program was:
| /* confdefs.h.  */
| #define PACKAGE_NAME "expat"
| #define PACKAGE_TARNAME "expat"
| #define PACKAGE_VERSION "1.95.7"
| #define PACKAGE_STRING "expat 1.95.7"
| #define PACKAGE_BUGREPORT "expat-bugs@mail.libexpat.org"
| #define STDC_HEADERS 1
| #define HAVE_SYS_TYPES_H 1
| #define HAVE_SYS_STAT_H 1
| #define HAVE_STDLIB_H 1
| #define HAVE_STRING_H 1
| #define HAVE_MEMORY_H 1
| #define HAVE_STRINGS_H 1
| #define HAVE_INTTYPES_H 1
| #define HAVE_STDINT_H 1
| #define HAVE_UNISTD_H 1
| #define HAVE_DLFCN_H 1
| #define LT_OBJDIR ".libs/"
| #define STDC_HEADERS 1
| /* end confdefs.h.  */
| #include <sys/types.h>
| 		#include <sys/param.h>
| 
| int
| main ()
| {
| #if BYTE_ORDER != BIG_ENDIAN
| 		 not big endian
| 		#endif
| 
|   ;
|   return 0;
| }
configure:13573: result: no
configure:13605: checking for an ANSI C-conforming const
configure:13680: gcc -c -g -O2  conftest.c >&5
configure:13687: $? = 0
configure:13702: result: yes
configure:13712: checking for size_t
configure:13740: gcc -c -g -O2  conftest.c >&5
configure:13747: $? = 0
configure:13774: gcc -c -g -O2  conftest.c >&5
conftest.c: In function 'main':
conftest.c:57:21: error: expected expression before ')' token
 if (sizeof ((size_t)))
                     ^
configure:13781: $? = 1
configure: failed program was:
| /* confdefs.h.  */
| #define PACKAGE_NAME "expat"
| #define PACKAGE_TARNAME "expat"
| #define PACKAGE_VERSION "1.95.7"
| #define PACKAGE_STRING "expat 1.95.7"
| #define PACKAGE_BUGREPORT "expat-bugs@mail.libexpat.org"
| #define STDC_HEADERS 1
| #define HAVE_SYS_TYPES_H 1
| #define HAVE_SYS_STAT_H 1
| #define HAVE_STDLIB_H 1
| #define HAVE_STRING_H 1
| #define HAVE_MEMORY_H 1
| #define HAVE_STRINGS_H 1
| #define HAVE_INTTYPES_H 1
| #define HAVE_STDINT_H 1
| #define HAVE_UNISTD_H 1
| #define HAVE_DLFCN_H 1
| #define LT_OBJDIR ".libs/"
| #define STDC_HEADERS 1
| /* end confdefs.h.  */
| #include <stdio.h>
| #ifdef HAVE_SYS_TYPES_H
| # include <sys/types.h>
| #endif
| #ifdef HAVE_SYS_STAT_H
| # include <sys/stat.h>
| #endif
| #ifdef STDC_HEADERS
| # include <stdlib.h>
| # include <stddef.h>
| #else
| # ifdef HAVE_STDLIB_H
| #  include <stdlib.h>
| # endif
| #endif
| #ifdef HAVE_STRING_H
| # if !defined STDC_HEADERS && defined HAVE_MEMORY_H
| #  include <memory.h>
| # endif
| # include <string.h>
| #endif
| #ifdef HAVE_STRINGS_H
| # include <strings.h>
| #endif
| #ifdef HAVE_INTTYPES_H
| # include <inttypes.h>
| #endif
| #ifdef HAVE_STDINT_H
| # include <stdint.h>
| #endif
| #ifdef HAVE_UNISTD_H
| # include <unistd.h>
| #endif
| int
| main ()
| {
| if (sizeof ((size_t)))
| 	  return 0;
|   ;
|   return 0;
| }
configure:13804: result: yes
configure:13821: checking for memmove
configure:13877: gcc -o conftest -g -O2   conftest.c  >&5
conftest.c:44:6: warning: conflicting types for built-in function 'memmove' [enabled by default]
 char memmove ();
      ^
configure:13884: $? = 0
configure:13906: result: yes
configure:13821: checking for bcopy
configure:13877: gcc -o conftest -g -O2   conftest.c  >&5
conftest.c:45:6: warning: conflicting types for built-in function 'bcopy' [enabled by default]
 char bcopy ();
      ^
configure:13884: $? = 0
configure:13906: result: yes
configure:13935: checking check.h usability
configure:13952: gcc -c -g -O2  conftest.c >&5
conftest.c:56:19: fatal error: check.h: No such file or directory
 #include <check.h>
                   ^
compilation terminated.
configure:13959: $? = 1
configure: failed program was:
| /* confdefs.h.  */
| #define PACKAGE_NAME "expat"
| #define PACKAGE_TARNAME "expat"
| #define PACKAGE_VERSION "1.95.7"
| #define PACKAGE_STRING "expat 1.95.7"
| #define PACKAGE_BUGREPORT "expat-bugs@mail.libexpat.org"
| #define STDC_HEADERS 1
| #define HAVE_SYS_TYPES_H 1
| #define HAVE_SYS_STAT_H 1
| #define HAVE_STDLIB_H 1
| #define HAVE_STRING_H 1
| #define HAVE_MEMORY_H 1
| #define HAVE_STRINGS_H 1
| #define HAVE_INTTYPES_H 1
| #define HAVE_STDINT_H 1
| #define HAVE_UNISTD_H 1
| #define HAVE_DLFCN_H 1
| #define LT_OBJDIR ".libs/"
| #define STDC_HEADERS 1
| #define HAVE_MEMMOVE 1
| #define HAVE_BCOPY 1
| /* end confdefs.h.  */
| #include <stdio.h>
| #ifdef HAVE_SYS_TYPES_H
| # include <sys/types.h>
| #endif
| #ifdef HAVE_SYS_STAT_H
| # include <sys/stat.h>
| #endif
| #ifdef STDC_HEADERS
| # include <stdlib.h>
| # include <stddef.h>
| #else
| # ifdef HAVE_STDLIB_H
| #  include <stdlib.h>
| # endif
| #endif
| #ifdef HAVE_STRING_H
| # if !defined STDC_HEADERS && defined HAVE_MEMORY_H
| #  include <memory.h>
| # endif
| # include <string.h>
| #endif
| #ifdef HAVE_STRINGS_H
| # include <strings.h>
| #endif
| #ifdef HAVE_INTTYPES_H
| # include <inttypes.h>
| #endif
| #ifdef HAVE_STDINT_H
| # include <stdint.h>
| #endif
| #ifdef HAVE_UNISTD_H
| # include <unistd.h>
| #endif
| #include <check.h>
configure:13973: result: no
configure:13977: checking check.h presence
configure:13992: gcc -E  conftest.c
conftest.c:23:19: fatal error: check.h: No such file or directory
 #include <check.h>
                   ^
compilation terminated.
configure:13999: $? = 1
configure: failed program was:
| /* confdefs.h.  */
| #define PACKAGE_NAME "expat"
| #define PACKAGE_TARNAME "expat"
| #define PACKAGE_VERSION "1.95.7"
| #define PACKAGE_STRING "expat 1.95.7"
| #define PACKAGE_BUGREPORT "expat-bugs@mail.libexpat.org"
| #define STDC_HEADERS 1
| #define HAVE_SYS_TYPES_H 1
| #define HAVE_SYS_STAT_H 1
| #define HAVE_STDLIB_H 1
| #define HAVE_STRING_H 1
| #define HAVE_MEMORY_H 1
| #define HAVE_STRINGS_H 1
| #define HAVE_INTTYPES_H 1
| #define HAVE_STDINT_H 1
| #define HAVE_UNISTD_H 1
| #define HAVE_DLFCN_H 1
| #define LT_OBJDIR ".libs/"
| #define STDC_HEADERS 1
| #define HAVE_MEMMOVE 1
| #define HAVE_BCOPY 1
| /* end confdefs.h.  */
| #include <check.h>
configure:14013: result: no
configure:14046: checking for check.h
configure:14055: result: no
configure:14192: creating ./config.status

## ---------------------- ##
## Running config.status. ##
## ---------------------- ##

This file was extended by expat config.status 1.95.7, which was
generated by GNU Autoconf 2.63.  Invocation command line was

  CONFIG_FILES    = 
  CONFIG_HEADERS  = 
  CONFIG_LINKS    = 
  CONFIG_COMMANDS = 
  $ ./config.status 

on bogon

config.status:964: creating Makefile
config.status:964: creating expat_config.h
config.status:1198: executing libtool commands

## ---------------- ##
## Cache variables. ##
## ---------------- ##

ac_cv_build=x86_64-unknown-linux-gnu
ac_cv_c_bigendian=no
ac_cv_c_compiler_gnu=yes
ac_cv_c_const=yes
ac_cv_env_CC_set=
ac_cv_env_CC_value=
ac_cv_env_CFLAGS_set=
ac_cv_env_CFLAGS_value=
ac_cv_env_CPPFLAGS_set=
ac_cv_env_CPPFLAGS_value=
ac_cv_env_CPP_set=
ac_cv_env_CPP_value=
ac_cv_env_LDFLAGS_set=
ac_cv_env_LDFLAGS_value=
ac_cv_env_LIBS_set=
ac_cv_env_LIBS_value=
ac_cv_env_build_alias_set=
ac_cv_env_build_alias_value=
ac_cv_env_host_alias_set=
ac_cv_env_host_alias_value=
ac_cv_env_target_alias_set=
ac_cv_env_target_alias_value=
ac_cv_func_bcopy=yes
ac_cv_func_memmove=yes
ac_cv_header_check_h=no
ac_cv_header_dlfcn_h=yes
ac_cv_header_inttypes_h=yes
ac_cv_header_memory_h=yes
ac_cv_header_stdc=yes
ac_cv_header_stdint_h=yes
ac_cv_header_stdlib_h=yes
ac_cv_header_string_h=yes
ac_cv_header_strings_h=yes
ac_cv_header_sys_stat_h=yes
ac_cv_header_sys_types_h=yes
ac_cv_header_unistd_h=yes
ac_cv_host=x86_64-unknown-linux-gnu
ac_cv_objext=o
ac_cv_path_EGREP='/bin/grep -E'
ac_cv_path_FGREP='/bin/grep -F'
ac_cv_path_GREP=/bin/grep
ac_cv_path_SED=/bin/sed
ac_cv_path_install='/bin/install -c'
ac_cv_prog_CPP='gcc -E'
ac_cv_prog_ac_ct_AR=ar
ac_cv_prog_ac_ct_CC=gcc
ac_cv_prog_ac_ct_OBJDUMP=objdump
ac_cv_prog_ac_ct_RANLIB=ranlib
ac_cv_prog_ac_ct_STRIP=strip
ac_cv_prog_cc_c89=
ac_cv_prog_cc_g=yes
ac_cv_target=x86_64-unknown-linux-gnu
ac_cv_type_size_t=yes
lt_cv_deplibs_check_method=pass_all
lt_cv_file_magic_cmd='$MAGIC_CMD'
lt_cv_file_magic_test_file=
lt_cv_ld_reload_flag=-r
lt_cv_nm_interface='BSD nm'
lt_cv_objdir=.libs
lt_cv_path_LD=/bin/ld
lt_cv_path_NM='/bin/nm -B'
lt_cv_prog_compiler_c_o=yes
lt_cv_prog_compiler_pic_works=yes
lt_cv_prog_compiler_rtti_exceptions=no
lt_cv_prog_compiler_static_works=no
lt_cv_prog_gnu_ld=yes
lt_cv_sys_global_symbol_pipe='sed -n -e '\''s/^.*[	 ]\([ABCDGIRSTW][ABCDGIRSTW]*\)[	 ][	 ]*\([_A-Za-z][_A-Za-z0-9]*\)$/\1 \2 \2/p'\'''
lt_cv_sys_global_symbol_to_c_name_address='sed -n -e '\''s/^: \([^ ]*\) $/  {\"\1\", (void *) 0},/p'\'' -e '\''s/^[ABCDGIRSTW]* \([^ ]*\) \([^ ]*\)$/  {"\2", (void *) \&\2},/p'\'''
lt_cv_sys_global_symbol_to_c_name_address_lib_prefix='sed -n -e '\''s/^: \([^ ]*\) $/  {\"\1\", (void *) 0},/p'\'' -e '\''s/^[ABCDGIRSTW]* \([^ ]*\) \(lib[^ ]*\)$/  {"\2", (void *) \&\2},/p'\'' -e '\''s/^[ABCDGIRSTW]* \([^ ]*\) \([^ ]*\)$/  {"lib\2", (void *) \&\2},/p'\'''
lt_cv_sys_global_symbol_to_cdecl='sed -n -e '\''s/^T .* \(.*\)$/extern int \1();/p'\'' -e '\''s/^[ABCDGIRSTW]* .* \(.*\)$/extern char \1;/p'\'''
lt_cv_sys_max_cmd_len=1572864

## ----------------- ##
## Output variables. ##
## ----------------- ##

AR='ar'
AS='as'
CC='gcc'
CFLAGS='-g -O2'
CPP='gcc -E'
CPPFLAGS=''
DEFS='-DHAVE_CONFIG_H'
DLLTOOL='dlltool'
DSYMUTIL=''
DUMPBIN=''
ECHO_C=''
ECHO_N='-n'
ECHO_T=''
EGREP='/bin/grep -E'
EXEEXT=''
FGREP='/bin/grep -F'
GREP='/bin/grep'
INSTALL_DATA='${INSTALL} -m 644'
INSTALL_PROGRAM='${INSTALL}'
INSTALL_SCRIPT='${INSTALL}'
LD='/bin/ld -m elf_x86_64'
LDFLAGS=''
LIBAGE='5'
LIBCURRENT='5'
LIBOBJS=''
LIBREVISION='0'
LIBS=''
LIBTOOL='$(SHELL) $(top_builddir)/libtool'
LIPO=''
LN_S='cp -p'
LTLIBOBJS=''
NM='/bin/nm -B'
NMEDIT=''
OBJDUMP='objdump'
OBJEXT='o'
OTOOL64=''
OTOOL=''
PACKAGE_BUGREPORT='expat-bugs@mail.libexpat.org'
PACKAGE_NAME='expat'
PACKAGE_STRING='expat 1.95.7'
PACKAGE_TARNAME='expat'
PACKAGE_VERSION='1.95.7'
PATH_SEPARATOR=':'
RANLIB='ranlib'
SED='/bin/sed'
SHELL='/bin/sh'
STRIP='strip'
ac_ct_CC='gcc'
ac_ct_DUMPBIN=''
bindir='${prefix}/bin'
build='x86_64-unknown-linux-gnu'
build_alias=''
build_cpu='x86_64'
build_os='linux-gnu'
build_vendor='unknown'
datadir='${datarootdir}'
datarootdir='${prefix}/share'
docdir='${datarootdir}/doc/${PACKAGE_TARNAME}'
dvidir='${docdir}'
exec_prefix='/usr/local/apr'
host='x86_64-unknown-linux-gnu'
host_alias=''
host_cpu='x86_64'
host_os='linux-gnu'
host_vendor='unknown'
htmldir='${docdir}'
includedir='/usr/local/apr/include/apr-1'
infodir='${datarootdir}/info'
libdir='${prefix}/lib'
libexecdir='${exec_prefix}/libexec'
localedir='${datarootdir}/locale'
localstatedir='${prefix}/var'
lt_ECHO='echo'
mandir='${datarootdir}/man'
oldincludedir='/usr/include'
pdfdir='${docdir}'
prefix='/usr/local/apr'
program_transform_name='s,x,x,'
psdir='${docdir}'
sbindir='${exec_prefix}/sbin'
sharedstatedir='${prefix}/com'
sysconfdir='${prefix}/etc'
target='x86_64-unknown-linux-gnu'
target_alias=''
target_cpu='x86_64'
target_os='linux-gnu'
target_vendor='unknown'

## ----------- ##
## confdefs.h. ##
## ----------- ##

#define PACKAGE_NAME "expat"
#define PACKAGE_TARNAME "expat"
#define PACKAGE_VERSION "1.95.7"
#define PACKAGE_STRING "expat 1.95.7"
#define PACKAGE_BUGREPORT "expat-bugs@mail.libexpat.org"
#define STDC_HEADERS 1
#define HAVE_SYS_TYPES_H 1
#define HAVE_SYS_STAT_H 1
#define HAVE_STDLIB_H 1
#define HAVE_STRING_H 1
#define HAVE_MEMORY_H 1
#define HAVE_STRINGS_H 1
#define HAVE_INTTYPES_H 1
#define HAVE_STDINT_H 1
#define HAVE_UNISTD_H 1
#define HAVE_DLFCN_H 1
#define LT_OBJDIR ".libs/"
#define STDC_HEADERS 1
#define HAVE_MEMMOVE 1
#define HAVE_BCOPY 1
#define XML_NS 1
#define XML_DTD 1
#define XML_CONTEXT_BYTES 1024

configure: exit 0
